<?xml version="1.0" encoding="UTF-8"?>
<testng-results skipped="0" failed="0" total="4" passed="4">
  <reporter-output>
  </reporter-output>
  <suite name="Suite" duration-ms="56548" started-at="2021-11-02T09:55:51Z" finished-at="2021-11-02T09:56:47Z">
    <groups>
    </groups>
    <test name="Test" duration-ms="56548" started-at="2021-11-02T09:55:51Z" finished-at="2021-11-02T09:56:47Z">
      <class name="pack1.classone">
        <test-method status="PASS" signature="methodoneA()[pri:0, instance:pack1.classone@27082746]" name="methodoneA" duration-ms="15847" started-at="2021-11-02T15:25:51Z" finished-at="2021-11-02T15:26:07Z">
          <reporter-output>
          </reporter-output>
        </test-method> <!-- methodoneA -->
      </class> <!-- pack1.classone -->
      <class name="pack1.classthree">
        <test-method status="PASS" signature="methodthreeA()[pri:0, instance:pack1.classthree@24273305]" name="methodthreeA" duration-ms="29482" started-at="2021-11-02T15:26:18Z" finished-at="2021-11-02T15:26:47Z">
          <reporter-output>
          </reporter-output>
        </test-method> <!-- methodthreeA -->
      </class> <!-- pack1.classthree -->
      <class name="pack1.classtwo">
        <test-method status="PASS" signature="methodoneB()[pri:0, instance:pack1.classtwo@42f30e0a]" name="methodoneB" duration-ms="0" started-at="2021-11-02T15:26:07Z" finished-at="2021-11-02T15:26:07Z">
          <reporter-output>
          </reporter-output>
        </test-method> <!-- methodoneB -->
        <test-method status="PASS" signature="methodtwoA()[pri:0, instance:pack1.classtwo@42f30e0a]" name="methodtwoA" duration-ms="11204" started-at="2021-11-02T15:26:07Z" finished-at="2021-11-02T15:26:18Z">
          <reporter-output>
          </reporter-output>
        </test-method> <!-- methodtwoA -->
      </class> <!-- pack1.classtwo -->
    </test> <!-- Test -->
  </suite> <!-- Suite -->
</testng-results>
