<?xml version="1.0" encoding="UTF-8"?>
<testng-results skipped="0" failed="0" total="1" passed="1">
  <reporter-output>
  </reporter-output>
  <suite name="Suite" duration-ms="31" started-at="2021-10-21T04:09:16Z" finished-at="2021-10-21T04:09:16Z">
    <groups>
    </groups>
    <test name="Test" duration-ms="31" started-at="2021-10-21T04:09:16Z" finished-at="2021-10-21T04:09:16Z">
      <class name="pack1.classone">
        <test-method status="PASS" signature="f()[pri:0, instance:pack1.classone@6276ae34]" name="f" duration-ms="10" started-at="2021-10-21T09:39:16Z" finished-at="2021-10-21T09:39:16Z">
          <reporter-output>
          </reporter-output>
        </test-method> <!-- f -->
      </class> <!-- pack1.classone -->
    </test> <!-- Test -->
  </suite> <!-- Suite -->
</testng-results>
